2024-07-27 08:55:16 [172.21.0.1][-][-][error][yii\web\HttpException:404] yii\web\NotFoundHttpException: Page not found. in /var/www/app/vendor/yiisoft/yii2/web/Request.php:299
Stack trace:
#0 /var/www/app/vendor/yiisoft/yii2/web/Application.php(82): yii\web\Request->resolve()
#1 /var/www/app/vendor/yiisoft/yii2/base/Application.php(384): yii\web\Application->handleRequest(Object(yii\web\Request))
#2 /var/www/app/api/web/index.php(18): yii\base\Application->run()
#3 {main}
2024-07-27 08:55:15 [172.21.0.1][-][-][info][application] $_GET = []

$_POST = []

$_FILES = []

$_COOKIE = [
    '_identity' => '89a47629a347ab49db5f917683e7232eb57fa216ce45bc7cfb6ad4eb6a5384cca:2:{i:0;s:9:\"_identity\";i:1;s:28:\"[\"100\",\"test100key\",2592000]\";}'
    '_ym_uid' => '1721766707699744575'
    '_ym_d' => '1721766707'
    'advanced-frontend' => '9vp0nm70p8q5ijmlmrko0s5so5'
    '_csrf-frontend' => '4cec1383479cbec4dc3fac5844fc8eb8de7b67e71f94d06da592199ba64a702ba:2:{i:0;s:14:\"_csrf-frontend\";i:1;s:32:\"kctldTIf8CcbM6eBc8e6cJJmJRarKvR2\";}'
]

$_SERVER = [
    'HOSTNAME' => '4ae1a6eaa178'
    'PHP_VERSION' => '8.2.7'
    'PHP_INI_DIR' => '/usr/local/etc/php'
    'GPG_KEYS' => '39B641343D8C104B2B146DC3F9C39DC0B9698544 E60913E4DF209907D8E30D96659A97C9CF2A795A 1198C0117593497A5EC5C199286AF1F9897469DC'
    'PHP_LDFLAGS' => '-Wl,-O1 -pie'
    'LUAJIT_LIB' => '/usr/lib'
    'fpm_conf' => '/usr/local/etc/php-fpm.d/www.conf'
    'PWD' => '/var/www/html'
    'LD_PRELOAD' => '/usr/lib/preloadable_libiconv.so php'
    'HOME' => '/var/lib/nginx'
    'LUAJIT_INC' => '/usr/include/luajit-2.1'
    'php_vars' => '/usr/local/etc/php/conf.d/docker-vars.ini'
    'PHP_SHA256' => '4b9fb3dcd7184fe7582d7e44544ec7c5153852a2528de3b6754791258ffbdfa0'
    'PHPIZE_DEPS' => 'autoconf 		dpkg-dev dpkg 		file 		g++ 		gcc 		libc-dev 		make 		pkgconf 		re2c'
    'PHP_URL' => 'https://www.php.net/distributions/php-8.2.7.tar.xz'
    'php_conf' => '/usr/local/etc/php-fpm.conf'
    'SHLVL' => '1'
    'PHP_CFLAGS' => '-fstack-protector-strong -fpic -fpie -O2 -D_LARGEFILE_SOURCE -D_FILE_OFFSET_BITS=64'
    'PATH' => '/usr/local/sbin:/usr/local/bin:/usr/sbin:/usr/bin:/sbin:/bin'
    'PHP_ASC_URL' => 'https://www.php.net/distributions/php-8.2.7.tar.xz.asc'
    'PHP_CPPFLAGS' => '-fstack-protector-strong -fpic -fpie -O2 -D_LARGEFILE_SOURCE -D_FILE_OFFSET_BITS=64'
    'SUPERVISOR_ENABLED' => '1'
    'SUPERVISOR_SERVER_URL' => 'unix:///dev/shm/supervisor.sock'
    'SUPERVISOR_PROCESS_NAME' => 'php-fpm'
    'SUPERVISOR_GROUP_NAME' => 'php-fpm'
    'USER' => 'nginx'
    'HTTP_COOKIE' => '_identity=89a47629a347ab49db5f917683e7232eb57fa216ce45bc7cfb6ad4eb6a5384cca%3A2%3A%7Bi%3A0%3Bs%3A9%3A%22_identity%22%3Bi%3A1%3Bs%3A28%3A%22%5B%22100%22%2C%22test100key%22%2C2592000%5D%22%3B%7D; _ym_uid=1721766707699744575; _ym_d=1721766707; advanced-frontend=9vp0nm70p8q5ijmlmrko0s5so5; _csrf-frontend=4cec1383479cbec4dc3fac5844fc8eb8de7b67e71f94d06da592199ba64a702ba%3A2%3A%7Bi%3A0%3Bs%3A14%3A%22_csrf-frontend%22%3Bi%3A1%3Bs%3A32%3A%22kctldTIf8CcbM6eBc8e6cJJmJRarKvR2%22%3B%7D'
    'HTTP_ACCEPT_LANGUAGE' => 'ru-RU,ru;q=0.9,en-US;q=0.8,en;q=0.7'
    'HTTP_ACCEPT_ENCODING' => 'gzip, deflate, br, zstd'
    'HTTP_SEC_FETCH_DEST' => 'document'
    'HTTP_SEC_FETCH_USER' => '?1'
    'HTTP_SEC_FETCH_MODE' => 'navigate'
    'HTTP_SEC_FETCH_SITE' => 'none'
    'HTTP_ACCEPT' => 'text/html,application/xhtml+xml,application/xml;q=0.9,image/avif,image/webp,image/apng,*/*;q=0.8,application/signed-exchange;v=b3;q=0.7'
    'HTTP_USER_AGENT' => 'Mozilla/5.0 (Windows NT 10.0; Win64; x64) AppleWebKit/537.36 (KHTML, like Gecko) Chrome/127.0.0.0 Safari/537.36'
    'HTTP_UPGRADE_INSECURE_REQUESTS' => '1'
    'HTTP_DNT' => '1'
    'HTTP_SEC_CH_UA_PLATFORM' => '\"Windows\"'
    'HTTP_SEC_CH_UA_MOBILE' => '?0'
    'HTTP_SEC_CH_UA' => '\"Not)A;Brand\";v=\"99\", \"Google Chrome\";v=\"127\", \"Chromium\";v=\"127\"'
    'HTTP_CACHE_CONTROL' => 'max-age=0'
    'HTTP_CONNECTION' => 'keep-alive'
    'HTTP_HOST' => 'localhost'
    'SCRIPT_FILENAME' => '/var/www/app/api/web/index.php'
    'REDIRECT_STATUS' => '200'
    'SERVER_NAME' => ''
    'SERVER_PORT' => '80'
    'SERVER_ADDR' => '172.21.0.3'
    'REMOTE_PORT' => '41974'
    'REMOTE_ADDR' => '172.21.0.1'
    'SERVER_SOFTWARE' => 'nginx/1.24.0'
    'GATEWAY_INTERFACE' => 'CGI/1.1'
    'REQUEST_SCHEME' => 'http'
    'SERVER_PROTOCOL' => 'HTTP/1.1'
    'DOCUMENT_ROOT' => '/var/www/app/api/web'
    'DOCUMENT_URI' => '/index.php'
    'REQUEST_URI' => '/'
    'SCRIPT_NAME' => '/index.php'
    'CONTENT_LENGTH' => ''
    'CONTENT_TYPE' => ''
    'REQUEST_METHOD' => 'GET'
    'QUERY_STRING' => ''
    'FCGI_ROLE' => 'RESPONDER'
    'PHP_SELF' => '/index.php'
    'REQUEST_TIME_FLOAT' => 1722066915.5484
    'REQUEST_TIME' => 1722066915
]
2024-07-27 08:55:28 [172.21.0.1][-][-][error][yii\base\InvalidConfigException] yii\base\InvalidConfigException: User::identityClass must be set. in /var/www/app/vendor/yiisoft/yii2/web/User.php:170
Stack trace:
#0 /var/www/app/vendor/yiisoft/yii2/base/BaseObject.php(109): yii\web\User->init()
#1 [internal function]: yii\base\BaseObject->__construct(Array)
#2 /var/www/app/vendor/yiisoft/yii2/di/Container.php(411): ReflectionClass->newInstanceArgs(Array)
#3 /var/www/app/vendor/yiisoft/yii2/di/Container.php(170): yii\di\Container->build('yii\\web\\User', Array, Array)
#4 /var/www/app/vendor/yiisoft/yii2/BaseYii.php(365): yii\di\Container->get('yii\\web\\User', Array, Array)
#5 /var/www/app/vendor/yiisoft/yii2/di/ServiceLocator.php(137): yii\BaseYii::createObject(Array)
#6 /var/www/app/vendor/yiisoft/yii2/base/Module.php(766): yii\di\ServiceLocator->get('user', true)
#7 /var/www/app/vendor/yiisoft/yii2/web/Application.php(187): yii\base\Module->get('user')
#8 /var/www/app/vendor/yiisoft/yii2/filters/RateLimiter.php(90): yii\web\Application->getUser()
#9 /var/www/app/vendor/yiisoft/yii2/base/ActionFilter.php(77): yii\filters\RateLimiter->beforeAction(Object(yii\rest\IndexAction))
#10 [internal function]: yii\base\ActionFilter->beforeFilter(Object(yii\base\ActionEvent))
#11 /var/www/app/vendor/yiisoft/yii2/base/Component.php(641): call_user_func(Array, Object(yii\base\ActionEvent))
#12 /var/www/app/vendor/yiisoft/yii2/base/Controller.php(297): yii\base\Component->trigger('beforeAction', Object(yii\base\ActionEvent))
#13 /var/www/app/vendor/yiisoft/yii2/web/Controller.php(219): yii\base\Controller->beforeAction(Object(yii\rest\IndexAction))
#14 /var/www/app/vendor/yiisoft/yii2/base/Controller.php(176): yii\web\Controller->beforeAction(Object(yii\rest\IndexAction))
#15 /var/www/app/vendor/yiisoft/yii2/base/Module.php(552): yii\base\Controller->runAction('index', Array)
#16 /var/www/app/vendor/yiisoft/yii2/web/Application.php(103): yii\base\Module->runAction('source/index', Array)
#17 /var/www/app/vendor/yiisoft/yii2/base/Application.php(384): yii\web\Application->handleRequest(Object(yii\web\Request))
#18 /var/www/app/api/web/index.php(18): yii\base\Application->run()
#19 {main}
2024-07-27 08:55:29 [172.21.0.1][-][-][warning][yii\debug\Module::checkAccess] Access to debugger is denied due to IP address restriction. The requesting IP address is 172.21.0.1
2024-07-27 08:55:28 [172.21.0.1][-][-][info][application] $_GET = []

$_POST = []

$_FILES = []

$_COOKIE = [
    '_identity' => '89a47629a347ab49db5f917683e7232eb57fa216ce45bc7cfb6ad4eb6a5384cca:2:{i:0;s:9:\"_identity\";i:1;s:28:\"[\"100\",\"test100key\",2592000]\";}'
    '_ym_uid' => '1721766707699744575'
    '_ym_d' => '1721766707'
    'advanced-frontend' => '9vp0nm70p8q5ijmlmrko0s5so5'
    '_csrf-frontend' => '4cec1383479cbec4dc3fac5844fc8eb8de7b67e71f94d06da592199ba64a702ba:2:{i:0;s:14:\"_csrf-frontend\";i:1;s:32:\"kctldTIf8CcbM6eBc8e6cJJmJRarKvR2\";}'
]

$_SERVER = [
    'HOSTNAME' => '4ae1a6eaa178'
    'PHP_VERSION' => '8.2.7'
    'PHP_INI_DIR' => '/usr/local/etc/php'
    'GPG_KEYS' => '39B641343D8C104B2B146DC3F9C39DC0B9698544 E60913E4DF209907D8E30D96659A97C9CF2A795A 1198C0117593497A5EC5C199286AF1F9897469DC'
    'PHP_LDFLAGS' => '-Wl,-O1 -pie'
    'LUAJIT_LIB' => '/usr/lib'
    'fpm_conf' => '/usr/local/etc/php-fpm.d/www.conf'
    'PWD' => '/var/www/html'
    'LD_PRELOAD' => '/usr/lib/preloadable_libiconv.so php'
    'HOME' => '/var/lib/nginx'
    'LUAJIT_INC' => '/usr/include/luajit-2.1'
    'php_vars' => '/usr/local/etc/php/conf.d/docker-vars.ini'
    'PHP_SHA256' => '4b9fb3dcd7184fe7582d7e44544ec7c5153852a2528de3b6754791258ffbdfa0'
    'PHPIZE_DEPS' => 'autoconf 		dpkg-dev dpkg 		file 		g++ 		gcc 		libc-dev 		make 		pkgconf 		re2c'
    'PHP_URL' => 'https://www.php.net/distributions/php-8.2.7.tar.xz'
    'php_conf' => '/usr/local/etc/php-fpm.conf'
    'SHLVL' => '1'
    'PHP_CFLAGS' => '-fstack-protector-strong -fpic -fpie -O2 -D_LARGEFILE_SOURCE -D_FILE_OFFSET_BITS=64'
    'PATH' => '/usr/local/sbin:/usr/local/bin:/usr/sbin:/usr/bin:/sbin:/bin'
    'PHP_ASC_URL' => 'https://www.php.net/distributions/php-8.2.7.tar.xz.asc'
    'PHP_CPPFLAGS' => '-fstack-protector-strong -fpic -fpie -O2 -D_LARGEFILE_SOURCE -D_FILE_OFFSET_BITS=64'
    'SUPERVISOR_ENABLED' => '1'
    'SUPERVISOR_SERVER_URL' => 'unix:///dev/shm/supervisor.sock'
    'SUPERVISOR_PROCESS_NAME' => 'php-fpm'
    'SUPERVISOR_GROUP_NAME' => 'php-fpm'
    'USER' => 'nginx'
    'HTTP_COOKIE' => '_identity=89a47629a347ab49db5f917683e7232eb57fa216ce45bc7cfb6ad4eb6a5384cca%3A2%3A%7Bi%3A0%3Bs%3A9%3A%22_identity%22%3Bi%3A1%3Bs%3A28%3A%22%5B%22100%22%2C%22test100key%22%2C2592000%5D%22%3B%7D; _ym_uid=1721766707699744575; _ym_d=1721766707; advanced-frontend=9vp0nm70p8q5ijmlmrko0s5so5; _csrf-frontend=4cec1383479cbec4dc3fac5844fc8eb8de7b67e71f94d06da592199ba64a702ba%3A2%3A%7Bi%3A0%3Bs%3A14%3A%22_csrf-frontend%22%3Bi%3A1%3Bs%3A32%3A%22kctldTIf8CcbM6eBc8e6cJJmJRarKvR2%22%3B%7D'
    'HTTP_ACCEPT_LANGUAGE' => 'ru-RU,ru;q=0.9,en-US;q=0.8,en;q=0.7'
    'HTTP_ACCEPT_ENCODING' => 'gzip, deflate, br, zstd'
    'HTTP_SEC_FETCH_DEST' => 'document'
    'HTTP_SEC_FETCH_USER' => '?1'
    'HTTP_SEC_FETCH_MODE' => 'navigate'
    'HTTP_SEC_FETCH_SITE' => 'none'
    'HTTP_ACCEPT' => 'text/html,application/xhtml+xml,application/xml;q=0.9,image/avif,image/webp,image/apng,*/*;q=0.8,application/signed-exchange;v=b3;q=0.7'
    'HTTP_PURPOSE' => 'prefetch'
    'HTTP_SEC_PURPOSE' => 'prefetch;prerender'
    'HTTP_USER_AGENT' => 'Mozilla/5.0 (Windows NT 10.0; Win64; x64) AppleWebKit/537.36 (KHTML, like Gecko) Chrome/127.0.0.0 Safari/537.36'
    'HTTP_UPGRADE_INSECURE_REQUESTS' => '1'
    'HTTP_DNT' => '1'
    'HTTP_SEC_CH_UA_PLATFORM' => '\"Windows\"'
    'HTTP_SEC_CH_UA_MOBILE' => '?0'
    'HTTP_SEC_CH_UA' => '\"Not)A;Brand\";v=\"99\", \"Google Chrome\";v=\"127\", \"Chromium\";v=\"127\"'
    'HTTP_CONNECTION' => 'keep-alive'
    'HTTP_HOST' => 'localhost'
    'SCRIPT_FILENAME' => '/var/www/app/api/web/index.php'
    'REDIRECT_STATUS' => '200'
    'SERVER_NAME' => ''
    'SERVER_PORT' => '80'
    'SERVER_ADDR' => '172.21.0.3'
    'REMOTE_PORT' => '41978'
    'REMOTE_ADDR' => '172.21.0.1'
    'SERVER_SOFTWARE' => 'nginx/1.24.0'
    'GATEWAY_INTERFACE' => 'CGI/1.1'
    'REQUEST_SCHEME' => 'http'
    'SERVER_PROTOCOL' => 'HTTP/1.1'
    'DOCUMENT_ROOT' => '/var/www/app/api/web'
    'DOCUMENT_URI' => '/index.php'
    'REQUEST_URI' => '/sources'
    'SCRIPT_NAME' => '/index.php'
    'CONTENT_LENGTH' => ''
    'CONTENT_TYPE' => ''
    'REQUEST_METHOD' => 'GET'
    'QUERY_STRING' => ''
    'FCGI_ROLE' => 'RESPONDER'
    'PHP_SELF' => '/index.php'
    'REQUEST_TIME_FLOAT' => 1722066928.3285
    'REQUEST_TIME' => 1722066928
]
2024-07-27 08:55:29 [172.21.0.1][-][-][error][yii\base\InvalidConfigException] yii\base\InvalidConfigException: User::identityClass must be set. in /var/www/app/vendor/yiisoft/yii2/web/User.php:170
Stack trace:
#0 /var/www/app/vendor/yiisoft/yii2/base/BaseObject.php(109): yii\web\User->init()
#1 [internal function]: yii\base\BaseObject->__construct(Array)
#2 /var/www/app/vendor/yiisoft/yii2/di/Container.php(411): ReflectionClass->newInstanceArgs(Array)
#3 /var/www/app/vendor/yiisoft/yii2/di/Container.php(170): yii\di\Container->build('yii\\web\\User', Array, Array)
#4 /var/www/app/vendor/yiisoft/yii2/BaseYii.php(365): yii\di\Container->get('yii\\web\\User', Array, Array)
#5 /var/www/app/vendor/yiisoft/yii2/di/ServiceLocator.php(137): yii\BaseYii::createObject(Array)
#6 /var/www/app/vendor/yiisoft/yii2/base/Module.php(766): yii\di\ServiceLocator->get('user', true)
#7 /var/www/app/vendor/yiisoft/yii2/web/Application.php(187): yii\base\Module->get('user')
#8 /var/www/app/vendor/yiisoft/yii2/filters/RateLimiter.php(90): yii\web\Application->getUser()
#9 /var/www/app/vendor/yiisoft/yii2/base/ActionFilter.php(77): yii\filters\RateLimiter->beforeAction(Object(yii\rest\IndexAction))
#10 [internal function]: yii\base\ActionFilter->beforeFilter(Object(yii\base\ActionEvent))
#11 /var/www/app/vendor/yiisoft/yii2/base/Component.php(641): call_user_func(Array, Object(yii\base\ActionEvent))
#12 /var/www/app/vendor/yiisoft/yii2/base/Controller.php(297): yii\base\Component->trigger('beforeAction', Object(yii\base\ActionEvent))
#13 /var/www/app/vendor/yiisoft/yii2/web/Controller.php(219): yii\base\Controller->beforeAction(Object(yii\rest\IndexAction))
#14 /var/www/app/vendor/yiisoft/yii2/base/Controller.php(176): yii\web\Controller->beforeAction(Object(yii\rest\IndexAction))
#15 /var/www/app/vendor/yiisoft/yii2/base/Module.php(552): yii\base\Controller->runAction('index', Array)
#16 /var/www/app/vendor/yiisoft/yii2/web/Application.php(103): yii\base\Module->runAction('source/index', Array)
#17 /var/www/app/vendor/yiisoft/yii2/base/Application.php(384): yii\web\Application->handleRequest(Object(yii\web\Request))
#18 /var/www/app/api/web/index.php(18): yii\base\Application->run()
#19 {main}
2024-07-27 08:55:29 [172.21.0.1][-][-][warning][yii\debug\Module::checkAccess] Access to debugger is denied due to IP address restriction. The requesting IP address is 172.21.0.1
2024-07-27 08:55:29 [172.21.0.1][-][-][info][application] $_GET = []

$_POST = []

$_FILES = []

$_COOKIE = [
    '_identity' => '89a47629a347ab49db5f917683e7232eb57fa216ce45bc7cfb6ad4eb6a5384cca:2:{i:0;s:9:\"_identity\";i:1;s:28:\"[\"100\",\"test100key\",2592000]\";}'
    '_ym_uid' => '1721766707699744575'
    '_ym_d' => '1721766707'
    'advanced-frontend' => '9vp0nm70p8q5ijmlmrko0s5so5'
    '_csrf-frontend' => '4cec1383479cbec4dc3fac5844fc8eb8de7b67e71f94d06da592199ba64a702ba:2:{i:0;s:14:\"_csrf-frontend\";i:1;s:32:\"kctldTIf8CcbM6eBc8e6cJJmJRarKvR2\";}'
]

$_SERVER = [
    'HOSTNAME' => '4ae1a6eaa178'
    'PHP_VERSION' => '8.2.7'
    'PHP_INI_DIR' => '/usr/local/etc/php'
    'GPG_KEYS' => '39B641343D8C104B2B146DC3F9C39DC0B9698544 E60913E4DF209907D8E30D96659A97C9CF2A795A 1198C0117593497A5EC5C199286AF1F9897469DC'
    'PHP_LDFLAGS' => '-Wl,-O1 -pie'
    'LUAJIT_LIB' => '/usr/lib'
    'fpm_conf' => '/usr/local/etc/php-fpm.d/www.conf'
    'PWD' => '/var/www/html'
    'LD_PRELOAD' => '/usr/lib/preloadable_libiconv.so php'
    'HOME' => '/var/lib/nginx'
    'LUAJIT_INC' => '/usr/include/luajit-2.1'
    'php_vars' => '/usr/local/etc/php/conf.d/docker-vars.ini'
    'PHP_SHA256' => '4b9fb3dcd7184fe7582d7e44544ec7c5153852a2528de3b6754791258ffbdfa0'
    'PHPIZE_DEPS' => 'autoconf 		dpkg-dev dpkg 		file 		g++ 		gcc 		libc-dev 		make 		pkgconf 		re2c'
    'PHP_URL' => 'https://www.php.net/distributions/php-8.2.7.tar.xz'
    'php_conf' => '/usr/local/etc/php-fpm.conf'
    'SHLVL' => '1'
    'PHP_CFLAGS' => '-fstack-protector-strong -fpic -fpie -O2 -D_LARGEFILE_SOURCE -D_FILE_OFFSET_BITS=64'
    'PATH' => '/usr/local/sbin:/usr/local/bin:/usr/sbin:/usr/bin:/sbin:/bin'
    'PHP_ASC_URL' => 'https://www.php.net/distributions/php-8.2.7.tar.xz.asc'
    'PHP_CPPFLAGS' => '-fstack-protector-strong -fpic -fpie -O2 -D_LARGEFILE_SOURCE -D_FILE_OFFSET_BITS=64'
    'SUPERVISOR_ENABLED' => '1'
    'SUPERVISOR_SERVER_URL' => 'unix:///dev/shm/supervisor.sock'
    'SUPERVISOR_PROCESS_NAME' => 'php-fpm'
    'SUPERVISOR_GROUP_NAME' => 'php-fpm'
    'USER' => 'nginx'
    'HTTP_COOKIE' => '_identity=89a47629a347ab49db5f917683e7232eb57fa216ce45bc7cfb6ad4eb6a5384cca%3A2%3A%7Bi%3A0%3Bs%3A9%3A%22_identity%22%3Bi%3A1%3Bs%3A28%3A%22%5B%22100%22%2C%22test100key%22%2C2592000%5D%22%3B%7D; _ym_uid=1721766707699744575; _ym_d=1721766707; advanced-frontend=9vp0nm70p8q5ijmlmrko0s5so5; _csrf-frontend=4cec1383479cbec4dc3fac5844fc8eb8de7b67e71f94d06da592199ba64a702ba%3A2%3A%7Bi%3A0%3Bs%3A14%3A%22_csrf-frontend%22%3Bi%3A1%3Bs%3A32%3A%22kctldTIf8CcbM6eBc8e6cJJmJRarKvR2%22%3B%7D'
    'HTTP_ACCEPT_LANGUAGE' => 'ru-RU,ru;q=0.9,en-US;q=0.8,en;q=0.7'
    'HTTP_ACCEPT_ENCODING' => 'gzip, deflate, br, zstd'
    'HTTP_SEC_FETCH_DEST' => 'document'
    'HTTP_SEC_FETCH_USER' => '?1'
    'HTTP_SEC_FETCH_MODE' => 'navigate'
    'HTTP_SEC_FETCH_SITE' => 'none'
    'HTTP_ACCEPT' => 'text/html,application/xhtml+xml,application/xml;q=0.9,image/avif,image/webp,image/apng,*/*;q=0.8,application/signed-exchange;v=b3;q=0.7'
    'HTTP_USER_AGENT' => 'Mozilla/5.0 (Windows NT 10.0; Win64; x64) AppleWebKit/537.36 (KHTML, like Gecko) Chrome/127.0.0.0 Safari/537.36'
    'HTTP_UPGRADE_INSECURE_REQUESTS' => '1'
    'HTTP_DNT' => '1'
    'HTTP_SEC_CH_UA_PLATFORM' => '\"Windows\"'
    'HTTP_SEC_CH_UA_MOBILE' => '?0'
    'HTTP_SEC_CH_UA' => '\"Not)A;Brand\";v=\"99\", \"Google Chrome\";v=\"127\", \"Chromium\";v=\"127\"'
    'HTTP_CONNECTION' => 'keep-alive'
    'HTTP_HOST' => 'localhost'
    'SCRIPT_FILENAME' => '/var/www/app/api/web/index.php'
    'REDIRECT_STATUS' => '200'
    'SERVER_NAME' => ''
    'SERVER_PORT' => '80'
    'SERVER_ADDR' => '172.21.0.3'
    'REMOTE_PORT' => '41978'
    'REMOTE_ADDR' => '172.21.0.1'
    'SERVER_SOFTWARE' => 'nginx/1.24.0'
    'GATEWAY_INTERFACE' => 'CGI/1.1'
    'REQUEST_SCHEME' => 'http'
    'SERVER_PROTOCOL' => 'HTTP/1.1'
    'DOCUMENT_ROOT' => '/var/www/app/api/web'
    'DOCUMENT_URI' => '/index.php'
    'REQUEST_URI' => '/sources'
    'SCRIPT_NAME' => '/index.php'
    'CONTENT_LENGTH' => ''
    'CONTENT_TYPE' => ''
    'REQUEST_METHOD' => 'GET'
    'QUERY_STRING' => ''
    'FCGI_ROLE' => 'RESPONDER'
    'PHP_SELF' => '/index.php'
    'REQUEST_TIME_FLOAT' => 1722066929.0878
    'REQUEST_TIME' => 1722066929
]
2024-07-27 08:57:24 [172.21.0.1][-][-][error][yii\base\InvalidConfigException] yii\base\InvalidConfigException: User::identityClass must be set. in /var/www/app/vendor/yiisoft/yii2/web/User.php:170
Stack trace:
#0 /var/www/app/vendor/yiisoft/yii2/base/BaseObject.php(109): yii\web\User->init()
#1 [internal function]: yii\base\BaseObject->__construct(Array)
#2 /var/www/app/vendor/yiisoft/yii2/di/Container.php(411): ReflectionClass->newInstanceArgs(Array)
#3 /var/www/app/vendor/yiisoft/yii2/di/Container.php(170): yii\di\Container->build('yii\\web\\User', Array, Array)
#4 /var/www/app/vendor/yiisoft/yii2/BaseYii.php(365): yii\di\Container->get('yii\\web\\User', Array, Array)
#5 /var/www/app/vendor/yiisoft/yii2/di/ServiceLocator.php(137): yii\BaseYii::createObject(Array)
#6 /var/www/app/vendor/yiisoft/yii2/base/Module.php(766): yii\di\ServiceLocator->get('user', true)
#7 /var/www/app/vendor/yiisoft/yii2/web/Application.php(187): yii\base\Module->get('user')
#8 /var/www/app/vendor/yiisoft/yii2/filters/RateLimiter.php(90): yii\web\Application->getUser()
#9 /var/www/app/vendor/yiisoft/yii2/base/ActionFilter.php(77): yii\filters\RateLimiter->beforeAction(Object(yii\rest\IndexAction))
#10 [internal function]: yii\base\ActionFilter->beforeFilter(Object(yii\base\ActionEvent))
#11 /var/www/app/vendor/yiisoft/yii2/base/Component.php(641): call_user_func(Array, Object(yii\base\ActionEvent))
#12 /var/www/app/vendor/yiisoft/yii2/base/Controller.php(297): yii\base\Component->trigger('beforeAction', Object(yii\base\ActionEvent))
#13 /var/www/app/vendor/yiisoft/yii2/web/Controller.php(219): yii\base\Controller->beforeAction(Object(yii\rest\IndexAction))
#14 /var/www/app/vendor/yiisoft/yii2/base/Controller.php(176): yii\web\Controller->beforeAction(Object(yii\rest\IndexAction))
#15 /var/www/app/vendor/yiisoft/yii2/base/Module.php(552): yii\base\Controller->runAction('index', Array)
#16 /var/www/app/vendor/yiisoft/yii2/web/Application.php(103): yii\base\Module->runAction('source/index', Array)
#17 /var/www/app/vendor/yiisoft/yii2/base/Application.php(384): yii\web\Application->handleRequest(Object(yii\web\Request))
#18 /var/www/app/api/web/index.php(18): yii\base\Application->run()
#19 {main}
2024-07-27 08:57:24 [172.21.0.1][-][-][warning][yii\debug\Module::checkAccess] Access to debugger is denied due to IP address restriction. The requesting IP address is 172.21.0.1
2024-07-27 08:57:24 [172.21.0.1][-][-][info][application] $_GET = []

$_POST = []

$_FILES = []

$_COOKIE = [
    '_identity' => '89a47629a347ab49db5f917683e7232eb57fa216ce45bc7cfb6ad4eb6a5384cca:2:{i:0;s:9:\"_identity\";i:1;s:28:\"[\"100\",\"test100key\",2592000]\";}'
    '_ym_uid' => '1721766707699744575'
    '_ym_d' => '1721766707'
    'advanced-frontend' => '9vp0nm70p8q5ijmlmrko0s5so5'
    '_csrf-frontend' => '4cec1383479cbec4dc3fac5844fc8eb8de7b67e71f94d06da592199ba64a702ba:2:{i:0;s:14:\"_csrf-frontend\";i:1;s:32:\"kctldTIf8CcbM6eBc8e6cJJmJRarKvR2\";}'
]

$_SERVER = [
    'HOSTNAME' => '4ae1a6eaa178'
    'PHP_VERSION' => '8.2.7'
    'PHP_INI_DIR' => '/usr/local/etc/php'
    'GPG_KEYS' => '39B641343D8C104B2B146DC3F9C39DC0B9698544 E60913E4DF209907D8E30D96659A97C9CF2A795A 1198C0117593497A5EC5C199286AF1F9897469DC'
    'PHP_LDFLAGS' => '-Wl,-O1 -pie'
    'LUAJIT_LIB' => '/usr/lib'
    'fpm_conf' => '/usr/local/etc/php-fpm.d/www.conf'
    'PWD' => '/var/www/html'
    'LD_PRELOAD' => '/usr/lib/preloadable_libiconv.so php'
    'HOME' => '/var/lib/nginx'
    'LUAJIT_INC' => '/usr/include/luajit-2.1'
    'php_vars' => '/usr/local/etc/php/conf.d/docker-vars.ini'
    'PHP_SHA256' => '4b9fb3dcd7184fe7582d7e44544ec7c5153852a2528de3b6754791258ffbdfa0'
    'PHPIZE_DEPS' => 'autoconf 		dpkg-dev dpkg 		file 		g++ 		gcc 		libc-dev 		make 		pkgconf 		re2c'
    'PHP_URL' => 'https://www.php.net/distributions/php-8.2.7.tar.xz'
    'php_conf' => '/usr/local/etc/php-fpm.conf'
    'SHLVL' => '1'
    'PHP_CFLAGS' => '-fstack-protector-strong -fpic -fpie -O2 -D_LARGEFILE_SOURCE -D_FILE_OFFSET_BITS=64'
    'PATH' => '/usr/local/sbin:/usr/local/bin:/usr/sbin:/usr/bin:/sbin:/bin'
    'PHP_ASC_URL' => 'https://www.php.net/distributions/php-8.2.7.tar.xz.asc'
    'PHP_CPPFLAGS' => '-fstack-protector-strong -fpic -fpie -O2 -D_LARGEFILE_SOURCE -D_FILE_OFFSET_BITS=64'
    'SUPERVISOR_ENABLED' => '1'
    'SUPERVISOR_SERVER_URL' => 'unix:///dev/shm/supervisor.sock'
    'SUPERVISOR_PROCESS_NAME' => 'php-fpm'
    'SUPERVISOR_GROUP_NAME' => 'php-fpm'
    'USER' => 'nginx'
    'HTTP_COOKIE' => '_identity=89a47629a347ab49db5f917683e7232eb57fa216ce45bc7cfb6ad4eb6a5384cca%3A2%3A%7Bi%3A0%3Bs%3A9%3A%22_identity%22%3Bi%3A1%3Bs%3A28%3A%22%5B%22100%22%2C%22test100key%22%2C2592000%5D%22%3B%7D; _ym_uid=1721766707699744575; _ym_d=1721766707; advanced-frontend=9vp0nm70p8q5ijmlmrko0s5so5; _csrf-frontend=4cec1383479cbec4dc3fac5844fc8eb8de7b67e71f94d06da592199ba64a702ba%3A2%3A%7Bi%3A0%3Bs%3A14%3A%22_csrf-frontend%22%3Bi%3A1%3Bs%3A32%3A%22kctldTIf8CcbM6eBc8e6cJJmJRarKvR2%22%3B%7D'
    'HTTP_ACCEPT_LANGUAGE' => 'ru-RU,ru;q=0.9,en-US;q=0.8,en;q=0.7'
    'HTTP_ACCEPT_ENCODING' => 'gzip, deflate, br, zstd'
    'HTTP_SEC_FETCH_DEST' => 'document'
    'HTTP_SEC_FETCH_USER' => '?1'
    'HTTP_SEC_FETCH_MODE' => 'navigate'
    'HTTP_SEC_FETCH_SITE' => 'none'
    'HTTP_ACCEPT' => 'text/html,application/xhtml+xml,application/xml;q=0.9,image/avif,image/webp,image/apng,*/*;q=0.8,application/signed-exchange;v=b3;q=0.7'
    'HTTP_USER_AGENT' => 'Mozilla/5.0 (Windows NT 10.0; Win64; x64) AppleWebKit/537.36 (KHTML, like Gecko) Chrome/127.0.0.0 Safari/537.36'
    'HTTP_UPGRADE_INSECURE_REQUESTS' => '1'
    'HTTP_DNT' => '1'
    'HTTP_SEC_CH_UA_PLATFORM' => '\"Windows\"'
    'HTTP_SEC_CH_UA_MOBILE' => '?0'
    'HTTP_SEC_CH_UA' => '\"Not)A;Brand\";v=\"99\", \"Google Chrome\";v=\"127\", \"Chromium\";v=\"127\"'
    'HTTP_CACHE_CONTROL' => 'max-age=0'
    'HTTP_CONNECTION' => 'keep-alive'
    'HTTP_HOST' => 'localhost'
    'SCRIPT_FILENAME' => '/var/www/app/api/web/index.php'
    'REDIRECT_STATUS' => '200'
    'SERVER_NAME' => ''
    'SERVER_PORT' => '80'
    'SERVER_ADDR' => '172.21.0.3'
    'REMOTE_PORT' => '41986'
    'REMOTE_ADDR' => '172.21.0.1'
    'SERVER_SOFTWARE' => 'nginx/1.24.0'
    'GATEWAY_INTERFACE' => 'CGI/1.1'
    'REQUEST_SCHEME' => 'http'
    'SERVER_PROTOCOL' => 'HTTP/1.1'
    'DOCUMENT_ROOT' => '/var/www/app/api/web'
    'DOCUMENT_URI' => '/index.php'
    'REQUEST_URI' => '/sources'
    'SCRIPT_NAME' => '/index.php'
    'CONTENT_LENGTH' => ''
    'CONTENT_TYPE' => ''
    'REQUEST_METHOD' => 'GET'
    'QUERY_STRING' => ''
    'FCGI_ROLE' => 'RESPONDER'
    'PHP_SELF' => '/index.php'
    'REQUEST_TIME_FLOAT' => 1722067044.0227
    'REQUEST_TIME' => 1722067044
]
2024-07-27 09:01:26 [172.21.0.1][-][-][error][yii\base\InvalidConfigException] yii\base\InvalidConfigException: User::identityClass must be set. in /var/www/app/vendor/yiisoft/yii2/web/User.php:170
Stack trace:
#0 /var/www/app/vendor/yiisoft/yii2/base/BaseObject.php(109): yii\web\User->init()
#1 [internal function]: yii\base\BaseObject->__construct(Array)
#2 /var/www/app/vendor/yiisoft/yii2/di/Container.php(411): ReflectionClass->newInstanceArgs(Array)
#3 /var/www/app/vendor/yiisoft/yii2/di/Container.php(170): yii\di\Container->build('yii\\web\\User', Array, Array)
#4 /var/www/app/vendor/yiisoft/yii2/BaseYii.php(365): yii\di\Container->get('yii\\web\\User', Array, Array)
#5 /var/www/app/vendor/yiisoft/yii2/di/ServiceLocator.php(137): yii\BaseYii::createObject(Array)
#6 /var/www/app/vendor/yiisoft/yii2/base/Module.php(766): yii\di\ServiceLocator->get('user', true)
#7 /var/www/app/vendor/yiisoft/yii2/web/Application.php(187): yii\base\Module->get('user')
#8 /var/www/app/vendor/yiisoft/yii2/filters/RateLimiter.php(90): yii\web\Application->getUser()
#9 /var/www/app/vendor/yiisoft/yii2/base/ActionFilter.php(77): yii\filters\RateLimiter->beforeAction(Object(yii\rest\IndexAction))
#10 [internal function]: yii\base\ActionFilter->beforeFilter(Object(yii\base\ActionEvent))
#11 /var/www/app/vendor/yiisoft/yii2/base/Component.php(641): call_user_func(Array, Object(yii\base\ActionEvent))
#12 /var/www/app/vendor/yiisoft/yii2/base/Controller.php(297): yii\base\Component->trigger('beforeAction', Object(yii\base\ActionEvent))
#13 /var/www/app/vendor/yiisoft/yii2/web/Controller.php(219): yii\base\Controller->beforeAction(Object(yii\rest\IndexAction))
#14 /var/www/app/vendor/yiisoft/yii2/base/Controller.php(176): yii\web\Controller->beforeAction(Object(yii\rest\IndexAction))
#15 /var/www/app/vendor/yiisoft/yii2/base/Module.php(552): yii\base\Controller->runAction('index', Array)
#16 /var/www/app/vendor/yiisoft/yii2/web/Application.php(103): yii\base\Module->runAction('source/index', Array)
#17 /var/www/app/vendor/yiisoft/yii2/base/Application.php(384): yii\web\Application->handleRequest(Object(yii\web\Request))
#18 /var/www/app/api/web/index.php(18): yii\base\Application->run()
#19 {main}
2024-07-27 09:01:25 [172.21.0.1][-][-][info][application] $_GET = []

$_POST = []

$_FILES = []

$_COOKIE = [
    '_identity' => '89a47629a347ab49db5f917683e7232eb57fa216ce45bc7cfb6ad4eb6a5384cca:2:{i:0;s:9:\"_identity\";i:1;s:28:\"[\"100\",\"test100key\",2592000]\";}'
    '_ym_uid' => '1721766707699744575'
    '_ym_d' => '1721766707'
    'advanced-frontend' => '9vp0nm70p8q5ijmlmrko0s5so5'
    '_csrf-frontend' => '4cec1383479cbec4dc3fac5844fc8eb8de7b67e71f94d06da592199ba64a702ba:2:{i:0;s:14:\"_csrf-frontend\";i:1;s:32:\"kctldTIf8CcbM6eBc8e6cJJmJRarKvR2\";}'
]

$_SERVER = [
    'HOSTNAME' => '4ae1a6eaa178'
    'PHP_VERSION' => '8.2.7'
    'PHP_INI_DIR' => '/usr/local/etc/php'
    'GPG_KEYS' => '39B641343D8C104B2B146DC3F9C39DC0B9698544 E60913E4DF209907D8E30D96659A97C9CF2A795A 1198C0117593497A5EC5C199286AF1F9897469DC'
    'PHP_LDFLAGS' => '-Wl,-O1 -pie'
    'LUAJIT_LIB' => '/usr/lib'
    'fpm_conf' => '/usr/local/etc/php-fpm.d/www.conf'
    'PWD' => '/var/www/html'
    'LD_PRELOAD' => '/usr/lib/preloadable_libiconv.so php'
    'HOME' => '/var/lib/nginx'
    'LUAJIT_INC' => '/usr/include/luajit-2.1'
    'php_vars' => '/usr/local/etc/php/conf.d/docker-vars.ini'
    'PHP_SHA256' => '4b9fb3dcd7184fe7582d7e44544ec7c5153852a2528de3b6754791258ffbdfa0'
    'PHPIZE_DEPS' => 'autoconf 		dpkg-dev dpkg 		file 		g++ 		gcc 		libc-dev 		make 		pkgconf 		re2c'
    'PHP_URL' => 'https://www.php.net/distributions/php-8.2.7.tar.xz'
    'php_conf' => '/usr/local/etc/php-fpm.conf'
    'SHLVL' => '1'
    'PHP_CFLAGS' => '-fstack-protector-strong -fpic -fpie -O2 -D_LARGEFILE_SOURCE -D_FILE_OFFSET_BITS=64'
    'PATH' => '/usr/local/sbin:/usr/local/bin:/usr/sbin:/usr/bin:/sbin:/bin'
    'PHP_ASC_URL' => 'https://www.php.net/distributions/php-8.2.7.tar.xz.asc'
    'PHP_CPPFLAGS' => '-fstack-protector-strong -fpic -fpie -O2 -D_LARGEFILE_SOURCE -D_FILE_OFFSET_BITS=64'
    'SUPERVISOR_ENABLED' => '1'
    'SUPERVISOR_SERVER_URL' => 'unix:///dev/shm/supervisor.sock'
    'SUPERVISOR_PROCESS_NAME' => 'php-fpm'
    'SUPERVISOR_GROUP_NAME' => 'php-fpm'
    'USER' => 'nginx'
    'HTTP_COOKIE' => '_identity=89a47629a347ab49db5f917683e7232eb57fa216ce45bc7cfb6ad4eb6a5384cca%3A2%3A%7Bi%3A0%3Bs%3A9%3A%22_identity%22%3Bi%3A1%3Bs%3A28%3A%22%5B%22100%22%2C%22test100key%22%2C2592000%5D%22%3B%7D; _ym_uid=1721766707699744575; _ym_d=1721766707; advanced-frontend=9vp0nm70p8q5ijmlmrko0s5so5; _csrf-frontend=4cec1383479cbec4dc3fac5844fc8eb8de7b67e71f94d06da592199ba64a702ba%3A2%3A%7Bi%3A0%3Bs%3A14%3A%22_csrf-frontend%22%3Bi%3A1%3Bs%3A32%3A%22kctldTIf8CcbM6eBc8e6cJJmJRarKvR2%22%3B%7D'
    'HTTP_ACCEPT_LANGUAGE' => 'ru-RU,ru;q=0.9,en-US;q=0.8,en;q=0.7'
    'HTTP_ACCEPT_ENCODING' => 'gzip, deflate, br, zstd'
    'HTTP_SEC_FETCH_DEST' => 'document'
    'HTTP_SEC_FETCH_USER' => '?1'
    'HTTP_SEC_FETCH_MODE' => 'navigate'
    'HTTP_SEC_FETCH_SITE' => 'none'
    'HTTP_ACCEPT' => 'text/html,application/xhtml+xml,application/xml;q=0.9,image/avif,image/webp,image/apng,*/*;q=0.8,application/signed-exchange;v=b3;q=0.7'
    'HTTP_USER_AGENT' => 'Mozilla/5.0 (Windows NT 10.0; Win64; x64) AppleWebKit/537.36 (KHTML, like Gecko) Chrome/127.0.0.0 Safari/537.36'
    'HTTP_UPGRADE_INSECURE_REQUESTS' => '1'
    'HTTP_DNT' => '1'
    'HTTP_SEC_CH_UA_PLATFORM' => '\"Windows\"'
    'HTTP_SEC_CH_UA_MOBILE' => '?0'
    'HTTP_SEC_CH_UA' => '\"Not)A;Brand\";v=\"99\", \"Google Chrome\";v=\"127\", \"Chromium\";v=\"127\"'
    'HTTP_CACHE_CONTROL' => 'max-age=0'
    'HTTP_CONNECTION' => 'keep-alive'
    'HTTP_HOST' => 'localhost'
    'SCRIPT_FILENAME' => '/var/www/app/api/web/index.php'
    'REDIRECT_STATUS' => '200'
    'SERVER_NAME' => ''
    'SERVER_PORT' => '80'
    'SERVER_ADDR' => '172.21.0.3'
    'REMOTE_PORT' => '41994'
    'REMOTE_ADDR' => '172.21.0.1'
    'SERVER_SOFTWARE' => 'nginx/1.24.0'
    'GATEWAY_INTERFACE' => 'CGI/1.1'
    'REQUEST_SCHEME' => 'http'
    'SERVER_PROTOCOL' => 'HTTP/1.1'
    'DOCUMENT_ROOT' => '/var/www/app/api/web'
    'DOCUMENT_URI' => '/index.php'
    'REQUEST_URI' => '/sources'
    'SCRIPT_NAME' => '/index.php'
    'CONTENT_LENGTH' => ''
    'CONTENT_TYPE' => ''
    'REQUEST_METHOD' => 'GET'
    'QUERY_STRING' => ''
    'FCGI_ROLE' => 'RESPONDER'
    'PHP_SELF' => '/index.php'
    'REQUEST_TIME_FLOAT' => 1722067285.7773
    'REQUEST_TIME' => 1722067285
]
2024-07-27 10:30:47 [172.19.0.1][-][-][error][yii\web\HttpException:404] yii\web\NotFoundHttpException: Page not found. in /var/www/app/vendor/yiisoft/yii2/web/Request.php:299
Stack trace:
#0 /var/www/app/vendor/yiisoft/yii2/web/Application.php(82): yii\web\Request->resolve()
#1 /var/www/app/vendor/yiisoft/yii2/base/Application.php(384): yii\web\Application->handleRequest(Object(yii\web\Request))
#2 /var/www/app/api/web/index.php(18): yii\base\Application->run()
#3 {main}
2024-07-27 10:30:46 [172.19.0.1][-][-][info][application] $_GET = []

$_POST = []

$_FILES = []

$_COOKIE = [
    '_identity' => '89a47629a347ab49db5f917683e7232eb57fa216ce45bc7cfb6ad4eb6a5384cca:2:{i:0;s:9:\"_identity\";i:1;s:28:\"[\"100\",\"test100key\",2592000]\";}'
    '_ym_uid' => '1721766707699744575'
    '_ym_d' => '1721766707'
    'advanced-frontend' => '9vp0nm70p8q5ijmlmrko0s5so5'
    '_csrf-frontend' => '4cec1383479cbec4dc3fac5844fc8eb8de7b67e71f94d06da592199ba64a702ba:2:{i:0;s:14:\"_csrf-frontend\";i:1;s:32:\"kctldTIf8CcbM6eBc8e6cJJmJRarKvR2\";}'
]

$_SERVER = [
    'HOSTNAME' => '9a0e7985d515'
    'PHP_VERSION' => '8.2.7'
    'PHP_INI_DIR' => '/usr/local/etc/php'
    'GPG_KEYS' => '39B641343D8C104B2B146DC3F9C39DC0B9698544 E60913E4DF209907D8E30D96659A97C9CF2A795A 1198C0117593497A5EC5C199286AF1F9897469DC'
    'PHP_LDFLAGS' => '-Wl,-O1 -pie'
    'LUAJIT_LIB' => '/usr/lib'
    'fpm_conf' => '/usr/local/etc/php-fpm.d/www.conf'
    'PWD' => '/var/www/html'
    'LD_PRELOAD' => '/usr/lib/preloadable_libiconv.so php'
    'HOME' => '/var/lib/nginx'
    'LUAJIT_INC' => '/usr/include/luajit-2.1'
    'php_vars' => '/usr/local/etc/php/conf.d/docker-vars.ini'
    'PHP_SHA256' => '4b9fb3dcd7184fe7582d7e44544ec7c5153852a2528de3b6754791258ffbdfa0'
    'PHPIZE_DEPS' => 'autoconf 		dpkg-dev dpkg 		file 		g++ 		gcc 		libc-dev 		make 		pkgconf 		re2c'
    'PHP_URL' => 'https://www.php.net/distributions/php-8.2.7.tar.xz'
    'php_conf' => '/usr/local/etc/php-fpm.conf'
    'SHLVL' => '1'
    'PHP_CFLAGS' => '-fstack-protector-strong -fpic -fpie -O2 -D_LARGEFILE_SOURCE -D_FILE_OFFSET_BITS=64'
    'PATH' => '/usr/local/sbin:/usr/local/bin:/usr/sbin:/usr/bin:/sbin:/bin'
    'PHP_ASC_URL' => 'https://www.php.net/distributions/php-8.2.7.tar.xz.asc'
    'PHP_CPPFLAGS' => '-fstack-protector-strong -fpic -fpie -O2 -D_LARGEFILE_SOURCE -D_FILE_OFFSET_BITS=64'
    'SUPERVISOR_ENABLED' => '1'
    'SUPERVISOR_SERVER_URL' => 'unix:///dev/shm/supervisor.sock'
    'SUPERVISOR_PROCESS_NAME' => 'php-fpm'
    'SUPERVISOR_GROUP_NAME' => 'php-fpm'
    'USER' => 'nginx'
    'HTTP_COOKIE' => '_identity=89a47629a347ab49db5f917683e7232eb57fa216ce45bc7cfb6ad4eb6a5384cca%3A2%3A%7Bi%3A0%3Bs%3A9%3A%22_identity%22%3Bi%3A1%3Bs%3A28%3A%22%5B%22100%22%2C%22test100key%22%2C2592000%5D%22%3B%7D; _ym_uid=1721766707699744575; _ym_d=1721766707; advanced-frontend=9vp0nm70p8q5ijmlmrko0s5so5; _csrf-frontend=4cec1383479cbec4dc3fac5844fc8eb8de7b67e71f94d06da592199ba64a702ba%3A2%3A%7Bi%3A0%3Bs%3A14%3A%22_csrf-frontend%22%3Bi%3A1%3Bs%3A32%3A%22kctldTIf8CcbM6eBc8e6cJJmJRarKvR2%22%3B%7D'
    'HTTP_ACCEPT_LANGUAGE' => 'ru-RU,ru;q=0.9,en-US;q=0.8,en;q=0.7'
    'HTTP_ACCEPT_ENCODING' => 'gzip, deflate, br, zstd'
    'HTTP_SEC_FETCH_DEST' => 'document'
    'HTTP_SEC_FETCH_USER' => '?1'
    'HTTP_SEC_FETCH_MODE' => 'navigate'
    'HTTP_SEC_FETCH_SITE' => 'cross-site'
    'HTTP_ACCEPT' => 'text/html,application/xhtml+xml,application/xml;q=0.9,image/avif,image/webp,image/apng,*/*;q=0.8,application/signed-exchange;v=b3;q=0.7'
    'HTTP_USER_AGENT' => 'Mozilla/5.0 (Windows NT 10.0; Win64; x64) AppleWebKit/537.36 (KHTML, like Gecko) Chrome/127.0.0.0 Safari/537.36'
    'HTTP_DNT' => '1'
    'HTTP_UPGRADE_INSECURE_REQUESTS' => '1'
    'HTTP_SEC_CH_UA_PLATFORM' => '\"Windows\"'
    'HTTP_SEC_CH_UA_MOBILE' => '?0'
    'HTTP_SEC_CH_UA' => '\"Not)A;Brand\";v=\"99\", \"Google Chrome\";v=\"127\", \"Chromium\";v=\"127\"'
    'HTTP_CACHE_CONTROL' => 'max-age=0'
    'HTTP_CONNECTION' => 'keep-alive'
    'HTTP_HOST' => 'localhost:9000'
    'SCRIPT_FILENAME' => '/var/www/app/api/web/index.php'
    'REDIRECT_STATUS' => '200'
    'SERVER_NAME' => ''
    'SERVER_PORT' => '9000'
    'SERVER_ADDR' => '172.19.0.4'
    'REMOTE_PORT' => '40188'
    'REMOTE_ADDR' => '172.19.0.1'
    'SERVER_SOFTWARE' => 'nginx/1.24.0'
    'GATEWAY_INTERFACE' => 'CGI/1.1'
    'REQUEST_SCHEME' => 'http'
    'SERVER_PROTOCOL' => 'HTTP/1.1'
    'DOCUMENT_ROOT' => '/var/www/app/api/web'
    'DOCUMENT_URI' => '/index.php'
    'REQUEST_URI' => '/'
    'SCRIPT_NAME' => '/index.php'
    'CONTENT_LENGTH' => ''
    'CONTENT_TYPE' => ''
    'REQUEST_METHOD' => 'GET'
    'QUERY_STRING' => ''
    'FCGI_ROLE' => 'RESPONDER'
    'PHP_SELF' => '/index.php'
    'REQUEST_TIME_FLOAT' => 1722072646.7814
    'REQUEST_TIME' => 1722072646
]
2024-07-27 10:35:25 [172.19.0.1][-][-][error][yii\web\HttpException:404] yii\web\NotFoundHttpException: Page not found. in /var/www/app/vendor/yiisoft/yii2/web/Request.php:299
Stack trace:
#0 /var/www/app/vendor/yiisoft/yii2/web/Application.php(82): yii\web\Request->resolve()
#1 /var/www/app/vendor/yiisoft/yii2/base/Application.php(384): yii\web\Application->handleRequest(Object(yii\web\Request))
#2 /var/www/app/api/web/index.php(18): yii\base\Application->run()
#3 {main}
2024-07-27 10:35:24 [172.19.0.1][-][-][info][application] $_GET = []

$_POST = []

$_FILES = []

$_COOKIE = [
    '_identity' => '89a47629a347ab49db5f917683e7232eb57fa216ce45bc7cfb6ad4eb6a5384cca:2:{i:0;s:9:\"_identity\";i:1;s:28:\"[\"100\",\"test100key\",2592000]\";}'
    '_ym_uid' => '1721766707699744575'
    '_ym_d' => '1721766707'
    'advanced-frontend' => '9vp0nm70p8q5ijmlmrko0s5so5'
    '_csrf-frontend' => '4cec1383479cbec4dc3fac5844fc8eb8de7b67e71f94d06da592199ba64a702ba:2:{i:0;s:14:\"_csrf-frontend\";i:1;s:32:\"kctldTIf8CcbM6eBc8e6cJJmJRarKvR2\";}'
]

$_SERVER = [
    'HOSTNAME' => '9a0e7985d515'
    'PHP_VERSION' => '8.2.7'
    'PHP_INI_DIR' => '/usr/local/etc/php'
    'GPG_KEYS' => '39B641343D8C104B2B146DC3F9C39DC0B9698544 E60913E4DF209907D8E30D96659A97C9CF2A795A 1198C0117593497A5EC5C199286AF1F9897469DC'
    'PHP_LDFLAGS' => '-Wl,-O1 -pie'
    'LUAJIT_LIB' => '/usr/lib'
    'fpm_conf' => '/usr/local/etc/php-fpm.d/www.conf'
    'PWD' => '/var/www/html'
    'LD_PRELOAD' => '/usr/lib/preloadable_libiconv.so php'
    'HOME' => '/var/lib/nginx'
    'LUAJIT_INC' => '/usr/include/luajit-2.1'
    'php_vars' => '/usr/local/etc/php/conf.d/docker-vars.ini'
    'PHP_SHA256' => '4b9fb3dcd7184fe7582d7e44544ec7c5153852a2528de3b6754791258ffbdfa0'
    'PHPIZE_DEPS' => 'autoconf 		dpkg-dev dpkg 		file 		g++ 		gcc 		libc-dev 		make 		pkgconf 		re2c'
    'PHP_URL' => 'https://www.php.net/distributions/php-8.2.7.tar.xz'
    'php_conf' => '/usr/local/etc/php-fpm.conf'
    'SHLVL' => '1'
    'PHP_CFLAGS' => '-fstack-protector-strong -fpic -fpie -O2 -D_LARGEFILE_SOURCE -D_FILE_OFFSET_BITS=64'
    'PATH' => '/usr/local/sbin:/usr/local/bin:/usr/sbin:/usr/bin:/sbin:/bin'
    'PHP_ASC_URL' => 'https://www.php.net/distributions/php-8.2.7.tar.xz.asc'
    'PHP_CPPFLAGS' => '-fstack-protector-strong -fpic -fpie -O2 -D_LARGEFILE_SOURCE -D_FILE_OFFSET_BITS=64'
    'SUPERVISOR_ENABLED' => '1'
    'SUPERVISOR_SERVER_URL' => 'unix:///dev/shm/supervisor.sock'
    'SUPERVISOR_PROCESS_NAME' => 'php-fpm'
    'SUPERVISOR_GROUP_NAME' => 'php-fpm'
    'USER' => 'nginx'
    'HTTP_COOKIE' => '_identity=89a47629a347ab49db5f917683e7232eb57fa216ce45bc7cfb6ad4eb6a5384cca%3A2%3A%7Bi%3A0%3Bs%3A9%3A%22_identity%22%3Bi%3A1%3Bs%3A28%3A%22%5B%22100%22%2C%22test100key%22%2C2592000%5D%22%3B%7D; _ym_uid=1721766707699744575; _ym_d=1721766707; advanced-frontend=9vp0nm70p8q5ijmlmrko0s5so5; _csrf-frontend=4cec1383479cbec4dc3fac5844fc8eb8de7b67e71f94d06da592199ba64a702ba%3A2%3A%7Bi%3A0%3Bs%3A14%3A%22_csrf-frontend%22%3Bi%3A1%3Bs%3A32%3A%22kctldTIf8CcbM6eBc8e6cJJmJRarKvR2%22%3B%7D'
    'HTTP_ACCEPT_LANGUAGE' => 'ru-RU,ru;q=0.9,en-US;q=0.8,en;q=0.7'
    'HTTP_ACCEPT_ENCODING' => 'gzip, deflate, br, zstd'
    'HTTP_SEC_FETCH_DEST' => 'document'
    'HTTP_SEC_FETCH_USER' => '?1'
    'HTTP_SEC_FETCH_MODE' => 'navigate'
    'HTTP_SEC_FETCH_SITE' => 'cross-site'
    'HTTP_ACCEPT' => 'text/html,application/xhtml+xml,application/xml;q=0.9,image/avif,image/webp,image/apng,*/*;q=0.8,application/signed-exchange;v=b3;q=0.7'
    'HTTP_USER_AGENT' => 'Mozilla/5.0 (Windows NT 10.0; Win64; x64) AppleWebKit/537.36 (KHTML, like Gecko) Chrome/127.0.0.0 Safari/537.36'
    'HTTP_UPGRADE_INSECURE_REQUESTS' => '1'
    'HTTP_DNT' => '1'
    'HTTP_SEC_CH_UA_PLATFORM' => '\"Windows\"'
    'HTTP_SEC_CH_UA_MOBILE' => '?0'
    'HTTP_SEC_CH_UA' => '\"Not)A;Brand\";v=\"99\", \"Google Chrome\";v=\"127\", \"Chromium\";v=\"127\"'
    'HTTP_CACHE_CONTROL' => 'max-age=0'
    'HTTP_CONNECTION' => 'keep-alive'
    'HTTP_HOST' => 'localhost:9000'
    'SCRIPT_FILENAME' => '/var/www/app/api/web/index.php'
    'REDIRECT_STATUS' => '200'
    'SERVER_NAME' => ''
    'SERVER_PORT' => '9000'
    'SERVER_ADDR' => '172.19.0.4'
    'REMOTE_PORT' => '40212'
    'REMOTE_ADDR' => '172.19.0.1'
    'SERVER_SOFTWARE' => 'nginx/1.24.0'
    'GATEWAY_INTERFACE' => 'CGI/1.1'
    'REQUEST_SCHEME' => 'http'
    'SERVER_PROTOCOL' => 'HTTP/1.1'
    'DOCUMENT_ROOT' => '/var/www/app/api/web'
    'DOCUMENT_URI' => '/index.php'
    'REQUEST_URI' => '/'
    'SCRIPT_NAME' => '/index.php'
    'CONTENT_LENGTH' => ''
    'CONTENT_TYPE' => ''
    'REQUEST_METHOD' => 'GET'
    'QUERY_STRING' => ''
    'FCGI_ROLE' => 'RESPONDER'
    'PHP_SELF' => '/index.php'
    'REQUEST_TIME_FLOAT' => 1722072924.7691
    'REQUEST_TIME' => 1722072924
]
2024-07-27 10:35:53 [172.19.0.1][-][-][error][yii\web\HttpException:404] yii\web\NotFoundHttpException: Page not found. in /var/www/app/vendor/yiisoft/yii2/web/Request.php:299
Stack trace:
#0 /var/www/app/vendor/yiisoft/yii2/web/Application.php(82): yii\web\Request->resolve()
#1 /var/www/app/vendor/yiisoft/yii2/base/Application.php(384): yii\web\Application->handleRequest(Object(yii\web\Request))
#2 /var/www/app/api/web/index.php(18): yii\base\Application->run()
#3 {main}
2024-07-27 10:35:52 [172.19.0.1][-][-][info][application] $_GET = []

$_POST = []

$_FILES = []

$_COOKIE = [
    '_identity' => '89a47629a347ab49db5f917683e7232eb57fa216ce45bc7cfb6ad4eb6a5384cca:2:{i:0;s:9:\"_identity\";i:1;s:28:\"[\"100\",\"test100key\",2592000]\";}'
    '_ym_uid' => '1721766707699744575'
    '_ym_d' => '1721766707'
    'advanced-frontend' => '9vp0nm70p8q5ijmlmrko0s5so5'
    '_csrf-frontend' => '4cec1383479cbec4dc3fac5844fc8eb8de7b67e71f94d06da592199ba64a702ba:2:{i:0;s:14:\"_csrf-frontend\";i:1;s:32:\"kctldTIf8CcbM6eBc8e6cJJmJRarKvR2\";}'
]

$_SERVER = [
    'HOSTNAME' => '9a0e7985d515'
    'PHP_VERSION' => '8.2.7'
    'PHP_INI_DIR' => '/usr/local/etc/php'
    'GPG_KEYS' => '39B641343D8C104B2B146DC3F9C39DC0B9698544 E60913E4DF209907D8E30D96659A97C9CF2A795A 1198C0117593497A5EC5C199286AF1F9897469DC'
    'PHP_LDFLAGS' => '-Wl,-O1 -pie'
    'LUAJIT_LIB' => '/usr/lib'
    'fpm_conf' => '/usr/local/etc/php-fpm.d/www.conf'
    'PWD' => '/var/www/html'
    'LD_PRELOAD' => '/usr/lib/preloadable_libiconv.so php'
    'HOME' => '/var/lib/nginx'
    'LUAJIT_INC' => '/usr/include/luajit-2.1'
    'php_vars' => '/usr/local/etc/php/conf.d/docker-vars.ini'
    'PHP_SHA256' => '4b9fb3dcd7184fe7582d7e44544ec7c5153852a2528de3b6754791258ffbdfa0'
    'PHPIZE_DEPS' => 'autoconf 		dpkg-dev dpkg 		file 		g++ 		gcc 		libc-dev 		make 		pkgconf 		re2c'
    'PHP_URL' => 'https://www.php.net/distributions/php-8.2.7.tar.xz'
    'php_conf' => '/usr/local/etc/php-fpm.conf'
    'SHLVL' => '1'
    'PHP_CFLAGS' => '-fstack-protector-strong -fpic -fpie -O2 -D_LARGEFILE_SOURCE -D_FILE_OFFSET_BITS=64'
    'PATH' => '/usr/local/sbin:/usr/local/bin:/usr/sbin:/usr/bin:/sbin:/bin'
    'PHP_ASC_URL' => 'https://www.php.net/distributions/php-8.2.7.tar.xz.asc'
    'PHP_CPPFLAGS' => '-fstack-protector-strong -fpic -fpie -O2 -D_LARGEFILE_SOURCE -D_FILE_OFFSET_BITS=64'
    'SUPERVISOR_ENABLED' => '1'
    'SUPERVISOR_SERVER_URL' => 'unix:///dev/shm/supervisor.sock'
    'SUPERVISOR_PROCESS_NAME' => 'php-fpm'
    'SUPERVISOR_GROUP_NAME' => 'php-fpm'
    'USER' => 'nginx'
    'HTTP_COOKIE' => '_identity=89a47629a347ab49db5f917683e7232eb57fa216ce45bc7cfb6ad4eb6a5384cca%3A2%3A%7Bi%3A0%3Bs%3A9%3A%22_identity%22%3Bi%3A1%3Bs%3A28%3A%22%5B%22100%22%2C%22test100key%22%2C2592000%5D%22%3B%7D; _ym_uid=1721766707699744575; _ym_d=1721766707; advanced-frontend=9vp0nm70p8q5ijmlmrko0s5so5; _csrf-frontend=4cec1383479cbec4dc3fac5844fc8eb8de7b67e71f94d06da592199ba64a702ba%3A2%3A%7Bi%3A0%3Bs%3A14%3A%22_csrf-frontend%22%3Bi%3A1%3Bs%3A32%3A%22kctldTIf8CcbM6eBc8e6cJJmJRarKvR2%22%3B%7D'
    'HTTP_ACCEPT_LANGUAGE' => 'ru-RU,ru;q=0.9,en-US;q=0.8,en;q=0.7'
    'HTTP_ACCEPT_ENCODING' => 'gzip, deflate, br, zstd'
    'HTTP_SEC_FETCH_DEST' => 'document'
    'HTTP_SEC_FETCH_USER' => '?1'
    'HTTP_SEC_FETCH_MODE' => 'navigate'
    'HTTP_SEC_FETCH_SITE' => 'cross-site'
    'HTTP_ACCEPT' => 'text/html,application/xhtml+xml,application/xml;q=0.9,image/avif,image/webp,image/apng,*/*;q=0.8,application/signed-exchange;v=b3;q=0.7'
    'HTTP_USER_AGENT' => 'Mozilla/5.0 (Windows NT 10.0; Win64; x64) AppleWebKit/537.36 (KHTML, like Gecko) Chrome/127.0.0.0 Safari/537.36'
    'HTTP_UPGRADE_INSECURE_REQUESTS' => '1'
    'HTTP_DNT' => '1'
    'HTTP_SEC_CH_UA_PLATFORM' => '\"Windows\"'
    'HTTP_SEC_CH_UA_MOBILE' => '?0'
    'HTTP_SEC_CH_UA' => '\"Not)A;Brand\";v=\"99\", \"Google Chrome\";v=\"127\", \"Chromium\";v=\"127\"'
    'HTTP_CACHE_CONTROL' => 'max-age=0'
    'HTTP_CONNECTION' => 'keep-alive'
    'HTTP_HOST' => 'localhost:9000'
    'SCRIPT_FILENAME' => '/var/www/app/api/web/index.php'
    'REDIRECT_STATUS' => '200'
    'SERVER_NAME' => ''
    'SERVER_PORT' => '9000'
    'SERVER_ADDR' => '172.19.0.4'
    'REMOTE_PORT' => '40210'
    'REMOTE_ADDR' => '172.19.0.1'
    'SERVER_SOFTWARE' => 'nginx/1.24.0'
    'GATEWAY_INTERFACE' => 'CGI/1.1'
    'REQUEST_SCHEME' => 'http'
    'SERVER_PROTOCOL' => 'HTTP/1.1'
    'DOCUMENT_ROOT' => '/var/www/app/api/web'
    'DOCUMENT_URI' => '/index.php'
    'REQUEST_URI' => '/'
    'SCRIPT_NAME' => '/index.php'
    'CONTENT_LENGTH' => ''
    'CONTENT_TYPE' => ''
    'REQUEST_METHOD' => 'GET'
    'QUERY_STRING' => ''
    'FCGI_ROLE' => 'RESPONDER'
    'PHP_SELF' => '/index.php'
    'REQUEST_TIME_FLOAT' => 1722072952.7521
    'REQUEST_TIME' => 1722072952
]
2024-07-27 10:36:08 [172.19.0.1][-][-][error][yii\web\HttpException:404] yii\web\NotFoundHttpException: Page not found. in /var/www/app/vendor/yiisoft/yii2/web/Request.php:299
Stack trace:
#0 /var/www/app/vendor/yiisoft/yii2/web/Application.php(82): yii\web\Request->resolve()
#1 /var/www/app/vendor/yiisoft/yii2/base/Application.php(384): yii\web\Application->handleRequest(Object(yii\web\Request))
#2 /var/www/app/api/web/index.php(18): yii\base\Application->run()
#3 {main}
2024-07-27 10:36:08 [172.19.0.1][-][-][info][application] $_GET = []

$_POST = []

$_FILES = []

$_COOKIE = [
    '_identity' => '89a47629a347ab49db5f917683e7232eb57fa216ce45bc7cfb6ad4eb6a5384cca:2:{i:0;s:9:\"_identity\";i:1;s:28:\"[\"100\",\"test100key\",2592000]\";}'
    '_ym_uid' => '1721766707699744575'
    '_ym_d' => '1721766707'
    'advanced-frontend' => '9vp0nm70p8q5ijmlmrko0s5so5'
    '_csrf-frontend' => '4cec1383479cbec4dc3fac5844fc8eb8de7b67e71f94d06da592199ba64a702ba:2:{i:0;s:14:\"_csrf-frontend\";i:1;s:32:\"kctldTIf8CcbM6eBc8e6cJJmJRarKvR2\";}'
]

$_SERVER = [
    'HOSTNAME' => '9a0e7985d515'
    'PHP_VERSION' => '8.2.7'
    'PHP_INI_DIR' => '/usr/local/etc/php'
    'GPG_KEYS' => '39B641343D8C104B2B146DC3F9C39DC0B9698544 E60913E4DF209907D8E30D96659A97C9CF2A795A 1198C0117593497A5EC5C199286AF1F9897469DC'
    'PHP_LDFLAGS' => '-Wl,-O1 -pie'
    'LUAJIT_LIB' => '/usr/lib'
    'fpm_conf' => '/usr/local/etc/php-fpm.d/www.conf'
    'PWD' => '/var/www/html'
    'LD_PRELOAD' => '/usr/lib/preloadable_libiconv.so php'
    'HOME' => '/var/lib/nginx'
    'LUAJIT_INC' => '/usr/include/luajit-2.1'
    'php_vars' => '/usr/local/etc/php/conf.d/docker-vars.ini'
    'PHP_SHA256' => '4b9fb3dcd7184fe7582d7e44544ec7c5153852a2528de3b6754791258ffbdfa0'
    'PHPIZE_DEPS' => 'autoconf 		dpkg-dev dpkg 		file 		g++ 		gcc 		libc-dev 		make 		pkgconf 		re2c'
    'PHP_URL' => 'https://www.php.net/distributions/php-8.2.7.tar.xz'
    'php_conf' => '/usr/local/etc/php-fpm.conf'
    'SHLVL' => '1'
    'PHP_CFLAGS' => '-fstack-protector-strong -fpic -fpie -O2 -D_LARGEFILE_SOURCE -D_FILE_OFFSET_BITS=64'
    'PATH' => '/usr/local/sbin:/usr/local/bin:/usr/sbin:/usr/bin:/sbin:/bin'
    'PHP_ASC_URL' => 'https://www.php.net/distributions/php-8.2.7.tar.xz.asc'
    'PHP_CPPFLAGS' => '-fstack-protector-strong -fpic -fpie -O2 -D_LARGEFILE_SOURCE -D_FILE_OFFSET_BITS=64'
    'SUPERVISOR_ENABLED' => '1'
    'SUPERVISOR_SERVER_URL' => 'unix:///dev/shm/supervisor.sock'
    'SUPERVISOR_PROCESS_NAME' => 'php-fpm'
    'SUPERVISOR_GROUP_NAME' => 'php-fpm'
    'USER' => 'nginx'
    'HTTP_COOKIE' => '_identity=89a47629a347ab49db5f917683e7232eb57fa216ce45bc7cfb6ad4eb6a5384cca%3A2%3A%7Bi%3A0%3Bs%3A9%3A%22_identity%22%3Bi%3A1%3Bs%3A28%3A%22%5B%22100%22%2C%22test100key%22%2C2592000%5D%22%3B%7D; _ym_uid=1721766707699744575; _ym_d=1721766707; advanced-frontend=9vp0nm70p8q5ijmlmrko0s5so5; _csrf-frontend=4cec1383479cbec4dc3fac5844fc8eb8de7b67e71f94d06da592199ba64a702ba%3A2%3A%7Bi%3A0%3Bs%3A14%3A%22_csrf-frontend%22%3Bi%3A1%3Bs%3A32%3A%22kctldTIf8CcbM6eBc8e6cJJmJRarKvR2%22%3B%7D'
    'HTTP_ACCEPT_LANGUAGE' => 'ru-RU,ru;q=0.9,en-US;q=0.8,en;q=0.7'
    'HTTP_ACCEPT_ENCODING' => 'gzip, deflate, br, zstd'
    'HTTP_SEC_FETCH_DEST' => 'document'
    'HTTP_SEC_FETCH_USER' => '?1'
    'HTTP_SEC_FETCH_MODE' => 'navigate'
    'HTTP_SEC_FETCH_SITE' => 'cross-site'
    'HTTP_ACCEPT' => 'text/html,application/xhtml+xml,application/xml;q=0.9,image/avif,image/webp,image/apng,*/*;q=0.8,application/signed-exchange;v=b3;q=0.7'
    'HTTP_USER_AGENT' => 'Mozilla/5.0 (Windows NT 10.0; Win64; x64) AppleWebKit/537.36 (KHTML, like Gecko) Chrome/127.0.0.0 Safari/537.36'
    'HTTP_UPGRADE_INSECURE_REQUESTS' => '1'
    'HTTP_DNT' => '1'
    'HTTP_SEC_CH_UA_PLATFORM' => '\"Windows\"'
    'HTTP_SEC_CH_UA_MOBILE' => '?0'
    'HTTP_SEC_CH_UA' => '\"Not)A;Brand\";v=\"99\", \"Google Chrome\";v=\"127\", \"Chromium\";v=\"127\"'
    'HTTP_CACHE_CONTROL' => 'max-age=0'
    'HTTP_CONNECTION' => 'keep-alive'
    'HTTP_HOST' => 'localhost:9000'
    'SCRIPT_FILENAME' => '/var/www/app/api/web/index.php'
    'REDIRECT_STATUS' => '200'
    'SERVER_NAME' => ''
    'SERVER_PORT' => '9000'
    'SERVER_ADDR' => '172.19.0.4'
    'REMOTE_PORT' => '40216'
    'REMOTE_ADDR' => '172.19.0.1'
    'SERVER_SOFTWARE' => 'nginx/1.24.0'
    'GATEWAY_INTERFACE' => 'CGI/1.1'
    'REQUEST_SCHEME' => 'http'
    'SERVER_PROTOCOL' => 'HTTP/1.1'
    'DOCUMENT_ROOT' => '/var/www/app/api/web'
    'DOCUMENT_URI' => '/index.php'
    'REQUEST_URI' => '/'
    'SCRIPT_NAME' => '/index.php'
    'CONTENT_LENGTH' => ''
    'CONTENT_TYPE' => ''
    'REQUEST_METHOD' => 'GET'
    'QUERY_STRING' => ''
    'FCGI_ROLE' => 'RESPONDER'
    'PHP_SELF' => '/index.php'
    'REQUEST_TIME_FLOAT' => 1722072968.321
    'REQUEST_TIME' => 1722072968
]
2024-07-27 10:36:50 [172.19.0.1][-][-][error][yii\web\HttpException:404] yii\web\NotFoundHttpException: Page not found. in /var/www/app/vendor/yiisoft/yii2/web/Request.php:299
Stack trace:
#0 /var/www/app/vendor/yiisoft/yii2/web/Application.php(82): yii\web\Request->resolve()
#1 /var/www/app/vendor/yiisoft/yii2/base/Application.php(384): yii\web\Application->handleRequest(Object(yii\web\Request))
#2 /var/www/app/api/web/index.php(18): yii\base\Application->run()
#3 {main}
2024-07-27 10:36:50 [172.19.0.1][-][-][info][application] $_GET = []

$_POST = []

$_FILES = []

$_COOKIE = [
    '_identity' => '89a47629a347ab49db5f917683e7232eb57fa216ce45bc7cfb6ad4eb6a5384cca:2:{i:0;s:9:\"_identity\";i:1;s:28:\"[\"100\",\"test100key\",2592000]\";}'
    '_ym_uid' => '1721766707699744575'
    '_ym_d' => '1721766707'
    'advanced-frontend' => '9vp0nm70p8q5ijmlmrko0s5so5'
    '_csrf-frontend' => '4cec1383479cbec4dc3fac5844fc8eb8de7b67e71f94d06da592199ba64a702ba:2:{i:0;s:14:\"_csrf-frontend\";i:1;s:32:\"kctldTIf8CcbM6eBc8e6cJJmJRarKvR2\";}'
]

$_SERVER = [
    'HOSTNAME' => '9a0e7985d515'
    'PHP_VERSION' => '8.2.7'
    'PHP_INI_DIR' => '/usr/local/etc/php'
    'GPG_KEYS' => '39B641343D8C104B2B146DC3F9C39DC0B9698544 E60913E4DF209907D8E30D96659A97C9CF2A795A 1198C0117593497A5EC5C199286AF1F9897469DC'
    'PHP_LDFLAGS' => '-Wl,-O1 -pie'
    'LUAJIT_LIB' => '/usr/lib'
    'fpm_conf' => '/usr/local/etc/php-fpm.d/www.conf'
    'PWD' => '/var/www/html'
    'LD_PRELOAD' => '/usr/lib/preloadable_libiconv.so php'
    'HOME' => '/var/lib/nginx'
    'LUAJIT_INC' => '/usr/include/luajit-2.1'
    'php_vars' => '/usr/local/etc/php/conf.d/docker-vars.ini'
    'PHP_SHA256' => '4b9fb3dcd7184fe7582d7e44544ec7c5153852a2528de3b6754791258ffbdfa0'
    'PHPIZE_DEPS' => 'autoconf 		dpkg-dev dpkg 		file 		g++ 		gcc 		libc-dev 		make 		pkgconf 		re2c'
    'PHP_URL' => 'https://www.php.net/distributions/php-8.2.7.tar.xz'
    'php_conf' => '/usr/local/etc/php-fpm.conf'
    'SHLVL' => '1'
    'PHP_CFLAGS' => '-fstack-protector-strong -fpic -fpie -O2 -D_LARGEFILE_SOURCE -D_FILE_OFFSET_BITS=64'
    'PATH' => '/usr/local/sbin:/usr/local/bin:/usr/sbin:/usr/bin:/sbin:/bin'
    'PHP_ASC_URL' => 'https://www.php.net/distributions/php-8.2.7.tar.xz.asc'
    'PHP_CPPFLAGS' => '-fstack-protector-strong -fpic -fpie -O2 -D_LARGEFILE_SOURCE -D_FILE_OFFSET_BITS=64'
    'SUPERVISOR_ENABLED' => '1'
    'SUPERVISOR_SERVER_URL' => 'unix:///dev/shm/supervisor.sock'
    'SUPERVISOR_PROCESS_NAME' => 'php-fpm'
    'SUPERVISOR_GROUP_NAME' => 'php-fpm'
    'USER' => 'nginx'
    'HTTP_COOKIE' => '_identity=89a47629a347ab49db5f917683e7232eb57fa216ce45bc7cfb6ad4eb6a5384cca%3A2%3A%7Bi%3A0%3Bs%3A9%3A%22_identity%22%3Bi%3A1%3Bs%3A28%3A%22%5B%22100%22%2C%22test100key%22%2C2592000%5D%22%3B%7D; _ym_uid=1721766707699744575; _ym_d=1721766707; advanced-frontend=9vp0nm70p8q5ijmlmrko0s5so5; _csrf-frontend=4cec1383479cbec4dc3fac5844fc8eb8de7b67e71f94d06da592199ba64a702ba%3A2%3A%7Bi%3A0%3Bs%3A14%3A%22_csrf-frontend%22%3Bi%3A1%3Bs%3A32%3A%22kctldTIf8CcbM6eBc8e6cJJmJRarKvR2%22%3B%7D'
    'HTTP_ACCEPT_LANGUAGE' => 'ru-RU,ru;q=0.9,en-US;q=0.8,en;q=0.7'
    'HTTP_ACCEPT_ENCODING' => 'gzip, deflate, br, zstd'
    'HTTP_SEC_FETCH_DEST' => 'document'
    'HTTP_SEC_FETCH_USER' => '?1'
    'HTTP_SEC_FETCH_MODE' => 'navigate'
    'HTTP_SEC_FETCH_SITE' => 'cross-site'
    'HTTP_ACCEPT' => 'text/html,application/xhtml+xml,application/xml;q=0.9,image/avif,image/webp,image/apng,*/*;q=0.8,application/signed-exchange;v=b3;q=0.7'
    'HTTP_USER_AGENT' => 'Mozilla/5.0 (Windows NT 10.0; Win64; x64) AppleWebKit/537.36 (KHTML, like Gecko) Chrome/127.0.0.0 Safari/537.36'
    'HTTP_UPGRADE_INSECURE_REQUESTS' => '1'
    'HTTP_DNT' => '1'
    'HTTP_SEC_CH_UA_PLATFORM' => '\"Windows\"'
    'HTTP_SEC_CH_UA_MOBILE' => '?0'
    'HTTP_SEC_CH_UA' => '\"Not)A;Brand\";v=\"99\", \"Google Chrome\";v=\"127\", \"Chromium\";v=\"127\"'
    'HTTP_CACHE_CONTROL' => 'max-age=0'
    'HTTP_CONNECTION' => 'keep-alive'
    'HTTP_HOST' => 'localhost:9000'
    'SCRIPT_FILENAME' => '/var/www/app/api/web/index.php'
    'REDIRECT_STATUS' => '200'
    'SERVER_NAME' => ''
    'SERVER_PORT' => '9000'
    'SERVER_ADDR' => '172.19.0.4'
    'REMOTE_PORT' => '40220'
    'REMOTE_ADDR' => '172.19.0.1'
    'SERVER_SOFTWARE' => 'nginx/1.24.0'
    'GATEWAY_INTERFACE' => 'CGI/1.1'
    'REQUEST_SCHEME' => 'http'
    'SERVER_PROTOCOL' => 'HTTP/1.1'
    'DOCUMENT_ROOT' => '/var/www/app/api/web'
    'DOCUMENT_URI' => '/index.php'
    'REQUEST_URI' => '/'
    'SCRIPT_NAME' => '/index.php'
    'CONTENT_LENGTH' => ''
    'CONTENT_TYPE' => ''
    'REQUEST_METHOD' => 'GET'
    'QUERY_STRING' => ''
    'FCGI_ROLE' => 'RESPONDER'
    'PHP_SELF' => '/index.php'
    'REQUEST_TIME_FLOAT' => 1722073010.8458
    'REQUEST_TIME' => 1722073010
]
2024-07-27 10:37:17 [172.19.0.1][-][-][error][yii\web\HttpException:404] yii\web\NotFoundHttpException: Page not found. in /var/www/app/vendor/yiisoft/yii2/web/Request.php:299
Stack trace:
#0 /var/www/app/vendor/yiisoft/yii2/web/Application.php(82): yii\web\Request->resolve()
#1 /var/www/app/vendor/yiisoft/yii2/base/Application.php(384): yii\web\Application->handleRequest(Object(yii\web\Request))
#2 /var/www/app/api/web/index.php(18): yii\base\Application->run()
#3 {main}
2024-07-27 10:37:16 [172.19.0.1][-][-][info][application] $_GET = []

$_POST = []

$_FILES = []

$_COOKIE = [
    '_identity' => '89a47629a347ab49db5f917683e7232eb57fa216ce45bc7cfb6ad4eb6a5384cca:2:{i:0;s:9:\"_identity\";i:1;s:28:\"[\"100\",\"test100key\",2592000]\";}'
    '_ym_uid' => '1721766707699744575'
    '_ym_d' => '1721766707'
    'advanced-frontend' => '9vp0nm70p8q5ijmlmrko0s5so5'
    '_csrf-frontend' => '4cec1383479cbec4dc3fac5844fc8eb8de7b67e71f94d06da592199ba64a702ba:2:{i:0;s:14:\"_csrf-frontend\";i:1;s:32:\"kctldTIf8CcbM6eBc8e6cJJmJRarKvR2\";}'
]

$_SERVER = [
    'HOSTNAME' => '9a0e7985d515'
    'PHP_VERSION' => '8.2.7'
    'PHP_INI_DIR' => '/usr/local/etc/php'
    'GPG_KEYS' => '39B641343D8C104B2B146DC3F9C39DC0B9698544 E60913E4DF209907D8E30D96659A97C9CF2A795A 1198C0117593497A5EC5C199286AF1F9897469DC'
    'PHP_LDFLAGS' => '-Wl,-O1 -pie'
    'LUAJIT_LIB' => '/usr/lib'
    'fpm_conf' => '/usr/local/etc/php-fpm.d/www.conf'
    'PWD' => '/var/www/html'
    'LD_PRELOAD' => '/usr/lib/preloadable_libiconv.so php'
    'HOME' => '/var/lib/nginx'
    'LUAJIT_INC' => '/usr/include/luajit-2.1'
    'php_vars' => '/usr/local/etc/php/conf.d/docker-vars.ini'
    'PHP_SHA256' => '4b9fb3dcd7184fe7582d7e44544ec7c5153852a2528de3b6754791258ffbdfa0'
    'PHPIZE_DEPS' => 'autoconf 		dpkg-dev dpkg 		file 		g++ 		gcc 		libc-dev 		make 		pkgconf 		re2c'
    'PHP_URL' => 'https://www.php.net/distributions/php-8.2.7.tar.xz'
    'php_conf' => '/usr/local/etc/php-fpm.conf'
    'SHLVL' => '1'
    'PHP_CFLAGS' => '-fstack-protector-strong -fpic -fpie -O2 -D_LARGEFILE_SOURCE -D_FILE_OFFSET_BITS=64'
    'PATH' => '/usr/local/sbin:/usr/local/bin:/usr/sbin:/usr/bin:/sbin:/bin'
    'PHP_ASC_URL' => 'https://www.php.net/distributions/php-8.2.7.tar.xz.asc'
    'PHP_CPPFLAGS' => '-fstack-protector-strong -fpic -fpie -O2 -D_LARGEFILE_SOURCE -D_FILE_OFFSET_BITS=64'
    'SUPERVISOR_ENABLED' => '1'
    'SUPERVISOR_SERVER_URL' => 'unix:///dev/shm/supervisor.sock'
    'SUPERVISOR_PROCESS_NAME' => 'php-fpm'
    'SUPERVISOR_GROUP_NAME' => 'php-fpm'
    'USER' => 'nginx'
    'HTTP_COOKIE' => '_identity=89a47629a347ab49db5f917683e7232eb57fa216ce45bc7cfb6ad4eb6a5384cca%3A2%3A%7Bi%3A0%3Bs%3A9%3A%22_identity%22%3Bi%3A1%3Bs%3A28%3A%22%5B%22100%22%2C%22test100key%22%2C2592000%5D%22%3B%7D; _ym_uid=1721766707699744575; _ym_d=1721766707; advanced-frontend=9vp0nm70p8q5ijmlmrko0s5so5; _csrf-frontend=4cec1383479cbec4dc3fac5844fc8eb8de7b67e71f94d06da592199ba64a702ba%3A2%3A%7Bi%3A0%3Bs%3A14%3A%22_csrf-frontend%22%3Bi%3A1%3Bs%3A32%3A%22kctldTIf8CcbM6eBc8e6cJJmJRarKvR2%22%3B%7D'
    'HTTP_ACCEPT_LANGUAGE' => 'ru-RU,ru;q=0.9,en-US;q=0.8,en;q=0.7'
    'HTTP_ACCEPT_ENCODING' => 'gzip, deflate, br, zstd'
    'HTTP_SEC_FETCH_DEST' => 'document'
    'HTTP_SEC_FETCH_USER' => '?1'
    'HTTP_SEC_FETCH_MODE' => 'navigate'
    'HTTP_SEC_FETCH_SITE' => 'cross-site'
    'HTTP_ACCEPT' => 'text/html,application/xhtml+xml,application/xml;q=0.9,image/avif,image/webp,image/apng,*/*;q=0.8,application/signed-exchange;v=b3;q=0.7'
    'HTTP_USER_AGENT' => 'Mozilla/5.0 (Windows NT 10.0; Win64; x64) AppleWebKit/537.36 (KHTML, like Gecko) Chrome/127.0.0.0 Safari/537.36'
    'HTTP_UPGRADE_INSECURE_REQUESTS' => '1'
    'HTTP_DNT' => '1'
    'HTTP_SEC_CH_UA_PLATFORM' => '\"Windows\"'
    'HTTP_SEC_CH_UA_MOBILE' => '?0'
    'HTTP_SEC_CH_UA' => '\"Not)A;Brand\";v=\"99\", \"Google Chrome\";v=\"127\", \"Chromium\";v=\"127\"'
    'HTTP_CACHE_CONTROL' => 'max-age=0'
    'HTTP_CONNECTION' => 'keep-alive'
    'HTTP_HOST' => 'localhost:9000'
    'SCRIPT_FILENAME' => '/var/www/app/api/web/index.php'
    'REDIRECT_STATUS' => '200'
    'SERVER_NAME' => ''
    'SERVER_PORT' => '9000'
    'SERVER_ADDR' => '172.19.0.4'
    'REMOTE_PORT' => '40224'
    'REMOTE_ADDR' => '172.19.0.1'
    'SERVER_SOFTWARE' => 'nginx/1.24.0'
    'GATEWAY_INTERFACE' => 'CGI/1.1'
    'REQUEST_SCHEME' => 'http'
    'SERVER_PROTOCOL' => 'HTTP/1.1'
    'DOCUMENT_ROOT' => '/var/www/app/api/web'
    'DOCUMENT_URI' => '/index.php'
    'REQUEST_URI' => '/'
    'SCRIPT_NAME' => '/index.php'
    'CONTENT_LENGTH' => ''
    'CONTENT_TYPE' => ''
    'REQUEST_METHOD' => 'GET'
    'QUERY_STRING' => ''
    'FCGI_ROLE' => 'RESPONDER'
    'PHP_SELF' => '/index.php'
    'REQUEST_TIME_FLOAT' => 1722073036.9415
    'REQUEST_TIME' => 1722073036
]
2024-07-27 10:38:01 [172.19.0.1][-][-][error][yii\web\HttpException:404] yii\web\NotFoundHttpException: Page not found. in /var/www/app/vendor/yiisoft/yii2/web/Request.php:299
Stack trace:
#0 /var/www/app/vendor/yiisoft/yii2/web/Application.php(82): yii\web\Request->resolve()
#1 /var/www/app/vendor/yiisoft/yii2/base/Application.php(384): yii\web\Application->handleRequest(Object(yii\web\Request))
#2 /var/www/app/api/web/index.php(18): yii\base\Application->run()
#3 {main}
2024-07-27 10:38:01 [172.19.0.1][-][-][info][application] $_GET = []

$_POST = []

$_FILES = []

$_COOKIE = [
    '_identity' => '89a47629a347ab49db5f917683e7232eb57fa216ce45bc7cfb6ad4eb6a5384cca:2:{i:0;s:9:\"_identity\";i:1;s:28:\"[\"100\",\"test100key\",2592000]\";}'
    '_ym_uid' => '1721766707699744575'
    '_ym_d' => '1721766707'
    'advanced-frontend' => '9vp0nm70p8q5ijmlmrko0s5so5'
    '_csrf-frontend' => '4cec1383479cbec4dc3fac5844fc8eb8de7b67e71f94d06da592199ba64a702ba:2:{i:0;s:14:\"_csrf-frontend\";i:1;s:32:\"kctldTIf8CcbM6eBc8e6cJJmJRarKvR2\";}'
]

$_SERVER = [
    'HOSTNAME' => '9a0e7985d515'
    'PHP_VERSION' => '8.2.7'
    'PHP_INI_DIR' => '/usr/local/etc/php'
    'GPG_KEYS' => '39B641343D8C104B2B146DC3F9C39DC0B9698544 E60913E4DF209907D8E30D96659A97C9CF2A795A 1198C0117593497A5EC5C199286AF1F9897469DC'
    'PHP_LDFLAGS' => '-Wl,-O1 -pie'
    'LUAJIT_LIB' => '/usr/lib'
    'fpm_conf' => '/usr/local/etc/php-fpm.d/www.conf'
    'PWD' => '/var/www/html'
    'LD_PRELOAD' => '/usr/lib/preloadable_libiconv.so php'
    'HOME' => '/var/lib/nginx'
    'LUAJIT_INC' => '/usr/include/luajit-2.1'
    'php_vars' => '/usr/local/etc/php/conf.d/docker-vars.ini'
    'PHP_SHA256' => '4b9fb3dcd7184fe7582d7e44544ec7c5153852a2528de3b6754791258ffbdfa0'
    'PHPIZE_DEPS' => 'autoconf 		dpkg-dev dpkg 		file 		g++ 		gcc 		libc-dev 		make 		pkgconf 		re2c'
    'PHP_URL' => 'https://www.php.net/distributions/php-8.2.7.tar.xz'
    'php_conf' => '/usr/local/etc/php-fpm.conf'
    'SHLVL' => '1'
    'PHP_CFLAGS' => '-fstack-protector-strong -fpic -fpie -O2 -D_LARGEFILE_SOURCE -D_FILE_OFFSET_BITS=64'
    'PATH' => '/usr/local/sbin:/usr/local/bin:/usr/sbin:/usr/bin:/sbin:/bin'
    'PHP_ASC_URL' => 'https://www.php.net/distributions/php-8.2.7.tar.xz.asc'
    'PHP_CPPFLAGS' => '-fstack-protector-strong -fpic -fpie -O2 -D_LARGEFILE_SOURCE -D_FILE_OFFSET_BITS=64'
    'SUPERVISOR_ENABLED' => '1'
    'SUPERVISOR_SERVER_URL' => 'unix:///dev/shm/supervisor.sock'
    'SUPERVISOR_PROCESS_NAME' => 'php-fpm'
    'SUPERVISOR_GROUP_NAME' => 'php-fpm'
    'USER' => 'nginx'
    'HTTP_COOKIE' => '_identity=89a47629a347ab49db5f917683e7232eb57fa216ce45bc7cfb6ad4eb6a5384cca%3A2%3A%7Bi%3A0%3Bs%3A9%3A%22_identity%22%3Bi%3A1%3Bs%3A28%3A%22%5B%22100%22%2C%22test100key%22%2C2592000%5D%22%3B%7D; _ym_uid=1721766707699744575; _ym_d=1721766707; advanced-frontend=9vp0nm70p8q5ijmlmrko0s5so5; _csrf-frontend=4cec1383479cbec4dc3fac5844fc8eb8de7b67e71f94d06da592199ba64a702ba%3A2%3A%7Bi%3A0%3Bs%3A14%3A%22_csrf-frontend%22%3Bi%3A1%3Bs%3A32%3A%22kctldTIf8CcbM6eBc8e6cJJmJRarKvR2%22%3B%7D'
    'HTTP_ACCEPT_LANGUAGE' => 'ru-RU,ru;q=0.9,en-US;q=0.8,en;q=0.7'
    'HTTP_ACCEPT_ENCODING' => 'gzip, deflate, br, zstd'
    'HTTP_SEC_FETCH_DEST' => 'document'
    'HTTP_SEC_FETCH_USER' => '?1'
    'HTTP_SEC_FETCH_MODE' => 'navigate'
    'HTTP_SEC_FETCH_SITE' => 'cross-site'
    'HTTP_ACCEPT' => 'text/html,application/xhtml+xml,application/xml;q=0.9,image/avif,image/webp,image/apng,*/*;q=0.8,application/signed-exchange;v=b3;q=0.7'
    'HTTP_USER_AGENT' => 'Mozilla/5.0 (Windows NT 10.0; Win64; x64) AppleWebKit/537.36 (KHTML, like Gecko) Chrome/127.0.0.0 Safari/537.36'
    'HTTP_UPGRADE_INSECURE_REQUESTS' => '1'
    'HTTP_DNT' => '1'
    'HTTP_SEC_CH_UA_PLATFORM' => '\"Windows\"'
    'HTTP_SEC_CH_UA_MOBILE' => '?0'
    'HTTP_SEC_CH_UA' => '\"Not)A;Brand\";v=\"99\", \"Google Chrome\";v=\"127\", \"Chromium\";v=\"127\"'
    'HTTP_CACHE_CONTROL' => 'max-age=0'
    'HTTP_CONNECTION' => 'keep-alive'
    'HTTP_HOST' => 'localhost:9000'
    'SCRIPT_FILENAME' => '/var/www/app/api/web/index.php'
    'REDIRECT_STATUS' => '200'
    'SERVER_NAME' => ''
    'SERVER_PORT' => '9000'
    'SERVER_ADDR' => '172.19.0.4'
    'REMOTE_PORT' => '40228'
    'REMOTE_ADDR' => '172.19.0.1'
    'SERVER_SOFTWARE' => 'nginx/1.24.0'
    'GATEWAY_INTERFACE' => 'CGI/1.1'
    'REQUEST_SCHEME' => 'http'
    'SERVER_PROTOCOL' => 'HTTP/1.1'
    'DOCUMENT_ROOT' => '/var/www/app/api/web'
    'DOCUMENT_URI' => '/index.php'
    'REQUEST_URI' => '/'
    'SCRIPT_NAME' => '/index.php'
    'CONTENT_LENGTH' => ''
    'CONTENT_TYPE' => ''
    'REQUEST_METHOD' => 'GET'
    'QUERY_STRING' => ''
    'FCGI_ROLE' => 'RESPONDER'
    'PHP_SELF' => '/index.php'
    'REQUEST_TIME_FLOAT' => 1722073081.1477
    'REQUEST_TIME' => 1722073081
]
